\BOOKMARK [1][-]{section.3}{Introduction}{}% 1
\BOOKMARK [1][-]{section.5}{Related Work}{}% 2
\BOOKMARK [1][-]{section.8}{Characterizing Detours}{}% 3
\BOOKMARK [2][-]{subsection.10}{Measurement Approach}{section.8}% 4
\BOOKMARK [3][-]{subsubsection.12}{Resource Limitations}{subsection.10}% 5
\BOOKMARK [3][-]{subsubsection.14}{Path Asymmetry}{subsection.10}% 6
\BOOKMARK [3][-]{subsubsection.16}{Traceroute Origin and Destination Selection}{subsection.10}% 7
\BOOKMARK [3][-]{subsubsection.20}{Inferring Country-Level Paths}{subsection.10}% 8
\BOOKMARK [3][-]{subsubsection.22}{Traceroute Accuracy and Completeness}{subsection.10}% 9
\BOOKMARK [2][-]{subsection.24}{Results}{section.8}% 10
\BOOKMARK [1][-]{section.36}{Feasibility of Routing Around Nation-States}{}% 11
\BOOKMARK [2][-]{subsection.38}{Measurement Approach}{section.36}% 12
\BOOKMARK [2][-]{subsection.41}{Avoidability Metrics}{section.36}% 13
\BOOKMARK [2][-]{subsection.43}{Results}{section.36}% 14
\BOOKMARK [1][-]{section.50}{Routing Around Nation-States}{}% 15
\BOOKMARK [2][-]{subsection.53}{Measuring Paths}{section.50}% 16
\BOOKMARK [2][-]{subsection.55}{Computing and Selecting Paths}{section.50}% 17
\BOOKMARK [2][-]{subsection.66}{Limitations and Extensions}{section.50}% 18
\BOOKMARK [1][-]{section.68}{Implementation \046 Deployment}{}% 19
\BOOKMARK [2][-]{subsection.71}{Evaluation}{section.68}% 20
\BOOKMARK [3][-]{subsubsection.73}{Country Avoidability}{subsection.71}% 21
\BOOKMARK [3][-]{subsubsection.76}{Performance}{subsection.71}% 22
\BOOKMARK [3][-]{subsubsection.80}{Storage and Measurement Costs}{subsection.71}% 23
\BOOKMARK [1][-]{section.82}{Conclusion}{}% 24
\BOOKMARK [1][-]{section.84}{References }{}% 25
