\BOOKMARK [1][-]{section.1}{Introduction}{}% 1
\BOOKMARK [1][-]{section.2}{Related Work}{}% 2
\BOOKMARK [1][-]{section.3}{Characterizing Transnational Detours}{}% 3
\BOOKMARK [2][-]{subsection.3.1}{Measurement Approach and Challenges}{section.3}% 4
\BOOKMARK [3][-]{subsubsection.3.1.1}{Resource Limitations}{subsection.3.1}% 5
\BOOKMARK [3][-]{subsubsection.3.1.2}{Path Asymmetry}{subsection.3.1}% 6
\BOOKMARK [3][-]{subsubsection.3.1.3}{Traceroute Origin and Destination Selection}{subsection.3.1}% 7
\BOOKMARK [3][-]{subsubsection.3.1.4}{Country Mapping}{subsection.3.1}% 8
\BOOKMARK [3][-]{subsubsection.3.1.5}{Traceroute Accuracy and Completeness}{subsection.3.1}% 9
\BOOKMARK [3][-]{subsubsection.3.1.6}{IPv4 vs. IPv6 Connectivity}{subsection.3.1}% 10
\BOOKMARK [2][-]{subsection.3.2}{Results}{section.3}% 11
\BOOKMARK [1][-]{section.4}{Feasibility of Routing Around Nation-States}{}% 12
\BOOKMARK [2][-]{subsection.4.1}{Measurement Approach}{section.4}% 13
\BOOKMARK [2][-]{subsection.4.2}{Avoidability Metrics}{section.4}% 14
\BOOKMARK [2][-]{subsection.4.3}{Results}{section.4}% 15
\BOOKMARK [3][-]{subsubsection.4.3.1}{Avoidability with Open Resolvers}{subsection.4.3}% 16
\BOOKMARK [3][-]{finding.4.2}{Avoidability with Relays}{subsection.4.3}% 17
\BOOKMARK [3][-]{subsubsection.4.3.3}{Comparing Avoidance Techniques}{subsection.4.3}% 18
\BOOKMARK [1][-]{section.5}{RAN: Routing Around Nation-States}{}% 19
\BOOKMARK [2][-]{subsection.5.1}{Overview}{section.5}% 20
\BOOKMARK [2][-]{subsection.5.2}{Threat Model}{section.5}% 21
\BOOKMARK [2][-]{subsection.5.3}{Design Goals}{section.5}% 22
\BOOKMARK [2][-]{subsection.5.4}{Periodic Path Measurement}{section.5}% 23
\BOOKMARK [2][-]{subsection.5.5}{PAC File Generation}{section.5}% 24
\BOOKMARK [2][-]{subsection.5.6}{Extending RAN with Content Provider Support}{section.5}% 25
\BOOKMARK [2][-]{subsection.5.7}{Evaluation}{section.5}% 26
\BOOKMARK [3][-]{subsubsection.5.7.1}{Country Avoidability}{subsection.5.7}% 27
\BOOKMARK [3][-]{subsubsection.5.7.2}{Performance}{subsection.5.7}% 28
\BOOKMARK [3][-]{subsubsection.5.7.3}{Storage and Measurement Costs}{subsection.5.7}% 29
\BOOKMARK [1][-]{section.6}{Implementation and Deployment}{}% 30
\BOOKMARK [2][-]{subsection.6.1}{Other Considerations}{section.6}% 31
\BOOKMARK [1][-]{section.7}{Discussion}{}% 32
\BOOKMARK [1][-]{section.8}{Conclusion}{}% 33
\BOOKMARK [1][-]{section*.18}{References}{}% 34
