\BOOKMARK [1][-]{section.1}{Introduction}{}% 1
\BOOKMARK [1][-]{section.2}{Related Work}{}% 2
\BOOKMARK [1][-]{section.3}{State of Surveillance and Interference}{}% 3
\BOOKMARK [2][-]{subsection.3.1}{Studied Countries}{section.3}% 4
\BOOKMARK [2][-]{subsection.3.2}{Countries to Avoid}{section.3}% 5
\BOOKMARK [1][-]{section.4}{Characterizing Transnational Detours}{}% 6
\BOOKMARK [2][-]{subsection.4.1}{Measurement Pipeline}{section.4}% 7
\BOOKMARK [3][-]{subsubsection.4.1.1}{Resource Limitations}{subsection.4.1}% 8
\BOOKMARK [3][-]{subsubsection.4.1.2}{Path Asymmetry}{subsection.4.1}% 9
\BOOKMARK [3][-]{subsubsection.4.1.3}{Traceroute Origination and Destination Selection}{subsection.4.1}% 10
\BOOKMARK [3][-]{subsubsection.4.1.4}{Country Mapping}{subsection.4.1}% 11
\BOOKMARK [2][-]{subsection.4.2}{Results}{section.4}% 12
\BOOKMARK [2][-]{subsection.4.3}{Limitations}{section.4}% 13
\BOOKMARK [1][-]{section.5}{Preventing Transnational Detours}{}% 14
\BOOKMARK [2][-]{subsection.5.1}{Measurement Approach}{section.5}% 15
\BOOKMARK [2][-]{subsection.5.2}{Avoidability Metrics}{section.5}% 16
\BOOKMARK [2][-]{subsection.5.3}{Results}{section.5}% 17
\BOOKMARK [3][-]{subsubsection.5.3.1}{Avoidance with Open Resolvers}{subsection.5.3}% 18
\BOOKMARK [3][-]{subsubsection.5.3.2}{Avoidance with Relays}{subsection.5.3}% 19
\BOOKMARK [3][-]{subsubsection.5.3.3}{Comparing Avoidance Techniques}{subsection.5.3}% 20
\BOOKMARK [1][-]{section.6}{Design Goals}{}% 21
\BOOKMARK [1][-]{section.7}{Design}{}% 22
\BOOKMARK [2][-]{subsection.7.1}{Architecture}{section.7}% 23
\BOOKMARK [2][-]{subsection.7.2}{Calculating Paths}{section.7}% 24
\BOOKMARK [2][-]{subsection.7.3}{Multiplexing Between Relays}{section.7}% 25
\BOOKMARK [2][-]{subsection.7.4}{Scaling the System}{section.7}% 26
\BOOKMARK [2][-]{subsection.7.5}{Fault Tolerance}{section.7}% 27
\BOOKMARK [1][-]{section.8}{Implementation}{}% 28
\BOOKMARK [1][-]{section.9}{Evaluation}{}% 29
\BOOKMARK [2][-]{subsection.9.1}{Country Avoidance}{section.9}% 30
\BOOKMARK [2][-]{subsection.9.2}{Performance}{section.9}% 31
\BOOKMARK [2][-]{subsection.9.3}{Storage}{section.9}% 32
\BOOKMARK [2][-]{subsection.9.4}{Costs}{section.9}% 33
\BOOKMARK [1][-]{section.10}{Discussion}{}% 34
\BOOKMARK [1][-]{section.11}{Conclusion}{}% 35
